<?xml version="1.0" encoding="UTF-8"?>
<!-- Generated by org.testng.reporters.JUnitReportReporter -->
<testsuite hostname="Vijos-MacBook-Pro.local" failures="0" tests="1" name="testcase.Login" time="14.867" errors="0" timestamp="2021-11-20T12:10:48 IST" skipped="0">
  <testcase classname="testcase.Login" name="login" time="14.867"/>
  <system-out>
    <![CDATA[Test is about to Start]]>
  </system-out>
</testsuite> <!-- testcase.Login -->
