<?xml version="1.0" encoding="UTF-8"?>
<!-- Generated by org.testng.reporters.JUnitReportReporter -->
<testsuite skipped="0" hostname="ERD-L440" name="testcase.Login" tests="1" failures="0" timestamp="25 Oct 2021 18:17:24 GMT" time="8.591" errors="0">
  <testcase name="login" time="8.591" classname="testcase.Login"/>
</testsuite> <!-- testcase.Login -->
