<?xml version="1.0" encoding="UTF-8"?>
<!-- Generated by org.testng.reporters.JUnitReportReporter -->
<testsuite skipped="0" hostname="ERD-L440" name="testcase.TestLaunch" tests="1" failures="0" timestamp="31 Oct 2021 08:37:12 GMT" time="13.546" errors="0">
  <testcase name="iframe" time="13.546" classname="testcase.TestLaunch"/>
</testsuite> <!-- testcase.TestLaunch -->
